<!DOCTYPE html PUBLIC "-//W3C//DTD XHTML 1.1//EN" "https://www.w3.org/TR/xhtml11/DTD/xhtml11.dtd">
<html xmlns="https://www.w3.org/1999/xhtml">
<head>
<meta charset='utf-8'>
<title>TestNG Report</title>
<style type="text/css">
table {margin-bottom:10px;border-collapse:collapse;empty-cells:show}
td,th {border:1px solid #009;padding:.25em .5em}
.result th {vertical-align:bottom}
.param th {padding-left:1em;padding-right:1em}
.param td {padding-left:.5em;padding-right:2em}
.stripe td,.stripe th {background-color: #E6EBF9}
.numi,.numi_attn {text-align:right}
.total td {font-weight:bold}
.passedodd td {background-color: #0A0}
.passedeven td {background-color: #3F3}
.skippedodd td {background-color: #CCC}
.skippedodd td {background-color: #DDD}
.failedodd td,.numi_attn {background-color: #F33}
.failedeven td,.stripe .numi_attn {background-color: #D00}
.stacktrace {white-space:pre;font-family:monospace}
.totop {font-size:85%;text-align:center;border-bottom:2px solid #000}
</style>
</head>
<body>
<table cellspacing="0" cellpadding="0" class="testOverview">
<tr><th>Test</th><th>Methods<br/>Passed</th><th>Scenarios<br/>Passed</th><th># skipped</th><th># failed</th><th>Total<br/>Time</th><th>Included<br/>Groups</th><th>Excluded<br/>Groups</th></tr>
<tr><td style="text-align:left;padding-right:2em"><a href="#t1">Test</a></td><td class="numi">3</td><td class="numi">3</td><td class="numi">0</td><td class="numi_attn">4</td><td class="numi">3.3 seconds</td><td class="numi"></td><td class="numi"></td></tr>
</table>
<table cellspacing="0" cellpadding="0" class="methodOverview" id="summary">
<tr><th>Class</th><th>Method</th><th># of<br/>Scenarios</th><th>Start</th><th>Time<br/>(ms)</th></tr>
<tr id="t1"><th colspan="5">Test &#8212; failed</th></tr>
<tr class="failedodd"><td rowspan="4">tests.RegistrationAndLogin</td><td><a href="#m1"><b>testWrongUsername</b>  </a></td><td class="numi">1</td><td>1682448037928</td><td class="numi">396</td></tr><tr class="failedodd"><td><a href="#m2"><b>testWrongPassword</b>  </a></td><td class="numi">1</td><td>1682448037515</td><td class="numi">411</td></tr><tr class="failedodd"><td><a href="#m3"><b>testSuccessRegistration</b>  </a></td><td class="numi">1</td><td>1682448036721</td><td class="numi">434</td></tr><tr class="failedodd"><td><a href="#m4"><b>registAndLoginGetUser</b>  </a></td><td class="numi">1</td><td>1682448036282</td><td class="numi">435</td></tr>
<tr><th colspan="5">Test &#8212; passed</th></tr>
<tr class="passedodd"><td rowspan="3">tests.RegistrationAndLogin</td><td><a href="#m5"><b>TesssT</b>  </a></td><td class="numi">1</td><td>1682448035063</td><td class="numi">6</td></tr><tr class="passedodd"><td><a href="#m6"><b>getUser</b>  </a></td><td class="numi">1</td><td>1682448035072</td><td class="numi">1209</td></tr><tr class="passedodd"><td><a href="#m7"><b>testSuccessfulLogin</b>  </a></td><td class="numi">1</td><td>1682448037157</td><td class="numi">357</td></tr>
</table>
<h1>Test</h1>
<h2 id="m1">tests.RegistrationAndLogin:testWrongUsername</h2>
<div>
<div class="stacktrace">java.lang.ArrayIndexOutOfBoundsException: Index 5 out of bounds for length 3
	at helpers.JsonParser.getAccessToken(JsonParser.java:9)
	at api.PostRequestsLogin.login(PostRequestsLogin.java:58)
	at tests.RegistrationAndLogin.testWrongUsername(RegistrationAndLogin.java:116)
	at java.base/java.util.ArrayList.forEach(ArrayList.java:1511)
	at com.intellij.rt.testng.IDEARemoteTestNG.run(IDEARemoteTestNG.java:66)
	at com.intellij.rt.testng.RemoteTestNGStarter.main(RemoteTestNGStarter.java:109)
... Removed 22 stack frames</div>
</div>
<p class="totop"><a href="#summary">back to summary</a></p>
<h2 id="m2">tests.RegistrationAndLogin:testWrongPassword</h2>
<div>
<div class="stacktrace">java.lang.ArrayIndexOutOfBoundsException: Index 5 out of bounds for length 3
	at helpers.JsonParser.getAccessToken(JsonParser.java:9)
	at api.PostRequestsLogin.login(PostRequestsLogin.java:58)
	at tests.RegistrationAndLogin.testWrongPassword(RegistrationAndLogin.java:108)
	at java.base/java.util.ArrayList.forEach(ArrayList.java:1511)
	at com.intellij.rt.testng.IDEARemoteTestNG.run(IDEARemoteTestNG.java:66)
	at com.intellij.rt.testng.RemoteTestNGStarter.main(RemoteTestNGStarter.java:109)
... Removed 22 stack frames</div>
</div>
<p class="totop"><a href="#summary">back to summary</a></p>
<h2 id="m3">tests.RegistrationAndLogin:testSuccessRegistration</h2>
<div>
<div class="stacktrace">java.lang.AssertionError: The email address you have entered is already registered expected [true] but found [false]
	at helpers.Assertion.validAssertion(Assertion.java:11)
	at tests.RegistrationAndLogin.testSuccessRegistration(RegistrationAndLogin.java:60)
	at java.base/java.util.ArrayList.forEach(ArrayList.java:1511)
	at com.intellij.rt.testng.IDEARemoteTestNG.run(IDEARemoteTestNG.java:66)
	at com.intellij.rt.testng.RemoteTestNGStarter.main(RemoteTestNGStarter.java:109)
... Removed 25 stack frames</div>
</div>
<p class="totop"><a href="#summary">back to summary</a></p>
<h2 id="m4">tests.RegistrationAndLogin:registAndLoginGetUser</h2>
<div>
<div class="stacktrace">java.lang.AssertionError: The email address you have entered is already registered expected [true] but found [false]
	at helpers.Assertion.validAssertion(Assertion.java:11)
	at tests.RegistrationAndLogin.registAndLoginGetUser(RegistrationAndLogin.java:94)
	at java.base/java.util.ArrayList.forEach(ArrayList.java:1511)
	at com.intellij.rt.testng.IDEARemoteTestNG.run(IDEARemoteTestNG.java:66)
	at com.intellij.rt.testng.RemoteTestNGStarter.main(RemoteTestNGStarter.java:109)
... Removed 25 stack frames</div>
</div>
<p class="totop"><a href="#summary">back to summary</a></p>
<h2 id="m5">tests.RegistrationAndLogin:TesssT</h2>
<p class="totop"><a href="#summary">back to summary</a></p>
<h2 id="m6">tests.RegistrationAndLogin:getUser</h2>
<p class="totop"><a href="#summary">back to summary</a></p>
<h2 id="m7">tests.RegistrationAndLogin:testSuccessfulLogin</h2>
<p class="totop"><a href="#summary">back to summary</a></p>
</body></html>
